<?xml version="1.0" encoding="UTF-8"?>
<testsuite name="com.boeing.tdd.api.controller.PostControllerTest" tests="3" skipped="0" failures="0" errors="0" timestamp="2019-05-17T05:20:19" hostname="DESKTOP-6PVNH8C" time="0.124">
  <properties/>
  <testcase name="returns a list of posts" classname="com.boeing.tdd.api.controller.PostControllerTest" time="0.112"/>
  <testcase name="uses the PostRepository to get Posts" classname="com.boeing.tdd.api.controller.PostControllerTest" time="0.005"/>
  <testcase name="saves the post" classname="com.boeing.tdd.api.controller.PostControllerTest" time="0.005"/>
  <system-out><![CDATA[]]></system-out>
  <system-err><![CDATA[]]></system-err>
</testsuite>
